Using pre-set license
Built from '2022.3/staging' branch; Version is '2022.3.24f1 (334eb2a0b267) revision 3362482'; Using compiler version '192829333'; Build Type 'Release'
OS: 'Windows 11  (10.0.22631) 64bit Core' Language: 'en' Physical Memory: 16108 MB
BatchMode: 1, IsHumanControllingUs: 0, StartBugReporterOnCrash: 0, Is64bit: 1, IsPro: 1

COMMAND LINE ARGUMENTS:
C:\Program Files\Unity\Hub\Editor\2022.3.24f1\Editor\Unity.exe
-adb2
-batchMode
-noUpm
-name
AssetImportWorker0
-projectPath
C:/Users/olive/Documents/GitHub/Ball-Z/Ball-Z
-logFile
Logs/AssetImportWorker0.log
-srvPort
53868
Successfully changed project path to: C:/Users/olive/Documents/GitHub/Ball-Z/Ball-Z
C:/Users/olive/Documents/GitHub/Ball-Z/Ball-Z
[UnityMemory] Configuration Parameters - Can be set up in boot.config
    "memorysetup-bucket-allocator-granularity=16"
    "memorysetup-bucket-allocator-bucket-count=8"
    "memorysetup-bucket-allocator-block-size=33554432"
    "memorysetup-bucket-allocator-block-count=8"
    "memorysetup-main-allocator-block-size=16777216"
    "memorysetup-thread-allocator-block-size=16777216"
    "memorysetup-gfx-main-allocator-block-size=16777216"
    "memorysetup-gfx-thread-allocator-block-size=16777216"
    "memorysetup-cache-allocator-block-size=4194304"
    "memorysetup-typetree-allocator-block-size=2097152"
    "memorysetup-profiler-bucket-allocator-granularity=16"
    "memorysetup-profiler-bucket-allocator-bucket-count=8"
    "memorysetup-profiler-bucket-allocator-block-size=33554432"
    "memorysetup-profiler-bucket-allocator-block-count=8"
    "memorysetup-profiler-allocator-block-size=16777216"
    "memorysetup-profiler-editor-allocator-block-size=1048576"
    "memorysetup-temp-allocator-size-main=16777216"
    "memorysetup-job-temp-allocator-block-size=2097152"
    "memorysetup-job-temp-allocator-block-size-background=1048576"
    "memorysetup-job-temp-allocator-reduction-small-platforms=262144"
    "memorysetup-allocator-temp-initial-block-size-main=262144"
    "memorysetup-allocator-temp-initial-block-size-worker=262144"
    "memorysetup-temp-allocator-size-background-worker=32768"
    "memorysetup-temp-allocator-size-job-worker=262144"
    "memorysetup-temp-allocator-size-preload-manager=33554432"
    "memorysetup-temp-allocator-size-nav-mesh-worker=65536"
    "memorysetup-temp-allocator-size-audio-worker=65536"
    "memorysetup-temp-allocator-size-cloud-worker=32768"
    "memorysetup-temp-allocator-size-gi-baking-worker=262144"
    "memorysetup-temp-allocator-size-gfx=262144"
Player connection [29648] Host "[IP] 172.22.30.124 [Port] 0 [Flags] 2 [Guid] 879425649 [EditorId] 879425649 [Version] 1048832 [Id] WindowsEditor(7,BeastMachine) [Debug] 1 [PackageName] WindowsEditor [ProjectName] Editor" joined multi-casting on [225.0.0.222:54997]...

Player connection [29648] Host "[IP] 172.22.30.124 [Port] 0 [Flags] 2 [Guid] 879425649 [EditorId] 879425649 [Version] 1048832 [Id] WindowsEditor(7,BeastMachine) [Debug] 1 [PackageName] WindowsEditor [ProjectName] Editor" joined alternative multi-casting on [225.0.0.222:34997]...

[Physics::Module] Initialized MultithreadedJobDispatcher with 11 workers.
Refreshing native plugins compatible for Editor in 13.65 ms, found 3 plugins.
Preloading 0 native plugins for Editor in 0.00 ms.
Initialize engine version: 2022.3.24f1 (334eb2a0b267)
[Subsystems] Discovering subsystems at path C:/Program Files/Unity/Hub/Editor/2022.3.24f1/Editor/Data/Resources/UnitySubsystems
[Subsystems] Discovering subsystems at path C:/Users/olive/Documents/GitHub/Ball-Z/Ball-Z/Assets
GfxDevice: creating device client; threaded=0; jobified=0
Direct3D:
    Version:  Direct3D 11.0 [level 11.1]
    Renderer: Intel(R) Iris(R) Xe Graphics (ID=0xa7a1)
    Vendor:   Intel
    VRAM:     8054 MB
    Driver:   31.0.101.4953
Initialize mono
Mono path[0] = 'C:/Program Files/Unity/Hub/Editor/2022.3.24f1/Editor/Data/Managed'
Mono path[1] = 'C:/Program Files/Unity/Hub/Editor/2022.3.24f1/Editor/Data/MonoBleedingEdge/lib/mono/unityjit-win32'
Mono config path = 'C:/Program Files/Unity/Hub/Editor/2022.3.24f1/Editor/Data/MonoBleedingEdge/etc'
Using monoOptions --debugger-agent=transport=dt_socket,embedding=1,server=y,suspend=n,address=127.0.0.1:56052
Begin MonoManager ReloadAssembly
Registering precompiled unity dll's ...
Register platform support module: C:/Program Files/Unity/Hub/Editor/2022.3.24f1/Editor/Data/PlaybackEngines/WebGLSupport/UnityEditor.WebGL.Extensions.dll
Register platform support module: C:/Program Files/Unity/Hub/Editor/2022.3.24f1/Editor/Data/PlaybackEngines/WindowsStandaloneSupport/UnityEditor.WindowsStandalone.Extensions.dll
Registered in 0.014001 seconds.
- Loaded All Assemblies, in  0.540 seconds
Native extension for WindowsStandalone target not found
Native extension for WebGL target not found
Mono: successfully reloaded assembly
- Finished resetting the current domain, in  0.451 seconds
Domain Reload Profiling: 985ms
	BeginReloadAssembly (156ms)
		ExecutionOrderSort (0ms)
		DisableScriptedObjects (0ms)
		BackupInstance (0ms)
		ReleaseScriptingObjects (0ms)
		CreateAndSetChildDomain (1ms)
	RebuildCommonClasses (50ms)
	RebuildNativeTypeToScriptingClass (14ms)
	initialDomainReloadingComplete (100ms)
	LoadAllAssembliesAndSetupDomain (214ms)
		LoadAssemblies (152ms)
		RebuildTransferFunctionScriptingTraits (0ms)
		AnalyzeDomain (212ms)
			TypeCache.Refresh (211ms)
				TypeCache.ScanAssembly (197ms)
			ScanForSourceGeneratedMonoScriptInfo (0ms)
			ResolveRequiredComponents (0ms)
	FinalizeReload (451ms)
		ReleaseScriptCaches (0ms)
		RebuildScriptCaches (0ms)
		SetupLoadedEditorAssemblies (365ms)
			LogAssemblyErrors (0ms)
			InitializePlatformSupportModulesInManaged (14ms)
			SetLoadedEditorAssemblies (7ms)
			RefreshPlugins (0ms)
			BeforeProcessingInitializeOnLoad (3ms)
			ProcessInitializeOnLoadAttributes (253ms)
			ProcessInitializeOnLoadMethodAttributes (88ms)
			AfterProcessingInitializeOnLoad (0ms)
			EditorAssembliesLoaded (0ms)
		ExecutionOrderSort2 (0ms)
		AwakeInstancesAfterBackupRestoration (0ms)
========================================================================
Worker process is ready to serve import requests
Begin MonoManager ReloadAssembly
- Loaded All Assemblies, in  1.029 seconds
Refreshing native plugins compatible for Editor in 3.93 ms, found 3 plugins.
Native extension for WindowsStandalone target not found
Native extension for WebGL target not found
Package Manager log level set to [2]
[Package Manager] Server::EnsureServerProcessIsRunning -- launch failed, reason: Unity was launched with the -noUpm command-line argument
[Package Manager] UpmClient::Send -- Unable to send message (not connected to UPM process).
[Package Manager] Cannot connect to Unity Package Manager local server
Mono: successfully reloaded assembly
- Finished resetting the current domain, in  0.730 seconds
Domain Reload Profiling: 1752ms
	BeginReloadAssembly (290ms)
		ExecutionOrderSort (0ms)
		DisableScriptedObjects (16ms)
		BackupInstance (0ms)
		ReleaseScriptingObjects (0ms)
		CreateAndSetChildDomain (34ms)
	RebuildCommonClasses (62ms)
	RebuildNativeTypeToScriptingClass (21ms)
	initialDomainReloadingComplete (101ms)
	LoadAllAssembliesAndSetupDomain (547ms)
		LoadAssemblies (467ms)
		RebuildTransferFunctionScriptingTraits (0ms)
		AnalyzeDomain (240ms)
			TypeCache.Refresh (220ms)
				TypeCache.ScanAssembly (206ms)
			ScanForSourceGeneratedMonoScriptInfo (15ms)
			ResolveRequiredComponents (4ms)
	FinalizeReload (731ms)
		ReleaseScriptCaches (0ms)
		RebuildScriptCaches (0ms)
		SetupLoadedEditorAssemblies (562ms)
			LogAssemblyErrors (0ms)
			InitializePlatformSupportModulesInManaged (11ms)
			SetLoadedEditorAssemblies (6ms)
			RefreshPlugins (0ms)
			BeforeProcessingInitializeOnLoad (68ms)
			ProcessInitializeOnLoadAttributes (440ms)
			ProcessInitializeOnLoadMethodAttributes (30ms)
			AfterProcessingInitializeOnLoad (8ms)
			EditorAssembliesLoaded (0ms)
		ExecutionOrderSort2 (0ms)
		AwakeInstancesAfterBackupRestoration (12ms)
Launched and connected shader compiler UnityShaderCompiler.exe after 0.08 seconds
Refreshing native plugins compatible for Editor in 3.64 ms, found 3 plugins.
Preloading 0 native plugins for Editor in 0.00 ms.
Unloading 3093 Unused Serialized files (Serialized files now loaded: 0)
Unloading 32 unused Assets / (56.9 KB). Loaded Objects now: 3568.
Memory consumption went from 130.7 MB to 130.6 MB.
Total: 4.197300 ms (FindLiveObjects: 0.338800 ms CreateObjectMapping: 0.137000 ms MarkObjects: 3.553700 ms  DeleteObjects: 0.165600 ms)

AssetImportParameters requested are different than current active one (requested -> active):
  custom:container-demuxer-ogg: 62fdf1f143b41e24485cea50d1cbac27 -> 
  custom:video-codec-MediaFoundation-h265: 746d11721c4dcdbdad8f713fa42b33f4 -> 
  custom:video-decoder-ogg-theora: a1e56fd34408186e4bbccfd4996cb3dc -> 
  custom:framework-win-MediaFoundation: 216162199b28c13a410421893ffa2e32 -> 
  custom:CustomObjectIndexerAttribute: 9a22284fe3817be447336de3de66b15e -> 
  custom:container-demuxer-webm: 4f35f7cbe854078d1ac9338744f61a02 -> 
  custom:container-muxer-webm: aa71ff27fc2769a1b78a27578f13a17b -> 
  custom:video-decoder-webm-vp8: 9c59270c3fd7afecdb556c50c9e8de78 -> 
  custom:SearchIndexIgnoredProperties: e643bd26f0fe6173181afceb89e7c659 -> 
  custom:AudioImporter_EditorPlatform: d09bf68614088b80899f8185d706f6e7 -> 
  custom:video-encoder-webm-vp8: eb34c28f22e8b96e1ab97ce403110664 -> 
  custom:audio-decoder-ogg-vorbis: bf7c407c2cedff20999df2af8eb42d56 -> 
  custom:audio-encoder-webm-vorbis: bf7c407c2cedff20999df2af8eb42d56 -> 
========================================================================
Received Import Request.
  Time since last request: 34850.170724 seconds.
  path: Assets/New Terrain.asset
  artifactKey: Guid(d9979ccbbe3b22840924a75481074c67) Importer(815301076,1909f56bfc062723c751e8b465ee728b)
Start importing Assets/New Terrain.asset using Guid(d9979ccbbe3b22840924a75481074c67) Importer(815301076,1909f56bfc062723c751e8b465ee728b)  -> (artifact id: '8e92e1233463dd7e2326afaf5fb97935') in 0.015596 seconds
Number of updated asset objects reloaded before import = 0
Number of asset objects unloaded after import = 1
========================================================================
Received Import Request.
  Time since last request: 20.538545 seconds.
  path: Assets/TerrainData_0c2b1235-23aa-4bfa-90d4-fec0674b2a6e.asset
  artifactKey: Guid(03f00039c5e00b04a9b09f1553f8930c) Importer(815301076,1909f56bfc062723c751e8b465ee728b)
Start importing Assets/TerrainData_0c2b1235-23aa-4bfa-90d4-fec0674b2a6e.asset using Guid(03f00039c5e00b04a9b09f1553f8930c) Importer(815301076,1909f56bfc062723c751e8b465ee728b)  -> (artifact id: 'dbfc818f2041a6486ee15de8bb13046b') in 0.016154 seconds
Number of updated asset objects reloaded before import = 0
Number of asset objects unloaded after import = 1
========================================================================
Received Import Request.
  Time since last request: 0.442626 seconds.
  path: Assets/TerrainData_09b310dc-7b55-4db7-83d8-cd94b830d3eb.asset
  artifactKey: Guid(9857e54d508d6e34ab9924cff4f1c256) Importer(815301076,1909f56bfc062723c751e8b465ee728b)
Start importing Assets/TerrainData_09b310dc-7b55-4db7-83d8-cd94b830d3eb.asset using Guid(9857e54d508d6e34ab9924cff4f1c256) Importer(815301076,1909f56bfc062723c751e8b465ee728b)  -> (artifact id: 'bf066c7c862e5a987e0cd5c1239bb52e') in 0.004627 seconds
Number of updated asset objects reloaded before import = 0
Number of asset objects unloaded after import = 1
========================================================================
Received Import Request.
  Time since last request: 0.351610 seconds.
  path: Assets/TerrainData_40029261-9041-40d0-b8af-09a04859d9ac.asset
  artifactKey: Guid(4584939651857d14d8ad793e038f8a82) Importer(815301076,1909f56bfc062723c751e8b465ee728b)
Start importing Assets/TerrainData_40029261-9041-40d0-b8af-09a04859d9ac.asset using Guid(4584939651857d14d8ad793e038f8a82) Importer(815301076,1909f56bfc062723c751e8b465ee728b)  -> (artifact id: 'db208fecf02cc49b204905222c9b3a53') in 0.005238 seconds
Number of updated asset objects reloaded before import = 0
Number of asset objects unloaded after import = 1
========================================================================
Received Import Request.
  Time since last request: 0.510972 seconds.
  path: Assets/TerrainData_f31e2f41-5ba3-4d20-a4ac-90fb0a8ac7e1.asset
  artifactKey: Guid(1a4dfa1e3cdf4d042932b0676611b8af) Importer(815301076,1909f56bfc062723c751e8b465ee728b)
Start importing Assets/TerrainData_f31e2f41-5ba3-4d20-a4ac-90fb0a8ac7e1.asset using Guid(1a4dfa1e3cdf4d042932b0676611b8af) Importer(815301076,1909f56bfc062723c751e8b465ee728b)  -> (artifact id: 'da24046c4857cffd32a91b8b2c87a735') in 0.008383 seconds
Number of updated asset objects reloaded before import = 0
Number of asset objects unloaded after import = 1
========================================================================
Received Import Request.
  Time since last request: 1.411558 seconds.
  path: Assets/TerrainData_7fcba216-242c-4005-8be5-18448f9a6347.asset
  artifactKey: Guid(1bad4f24b1747a34f891a56fd3d304da) Importer(815301076,1909f56bfc062723c751e8b465ee728b)
Start importing Assets/TerrainData_7fcba216-242c-4005-8be5-18448f9a6347.asset using Guid(1bad4f24b1747a34f891a56fd3d304da) Importer(815301076,1909f56bfc062723c751e8b465ee728b)  -> (artifact id: 'f6e1584219d55a1f2cee9b601d3a286d') in 0.006501 seconds
Number of updated asset objects reloaded before import = 0
Number of asset objects unloaded after import = 1
========================================================================
Received Import Request.
  Time since last request: 0.966301 seconds.
  path: Assets/TerrainData_a413bb69-b7eb-4e7a-893f-c250a3343027.asset
  artifactKey: Guid(0514b1abf1c06cf42b6cbc8c63736b8b) Importer(815301076,1909f56bfc062723c751e8b465ee728b)
Start importing Assets/TerrainData_a413bb69-b7eb-4e7a-893f-c250a3343027.asset using Guid(0514b1abf1c06cf42b6cbc8c63736b8b) Importer(815301076,1909f56bfc062723c751e8b465ee728b)  -> (artifact id: 'ada43263fd57b703f52c5b0d0f25bc7b') in 0.005169 seconds
Number of updated asset objects reloaded before import = 0
Number of asset objects unloaded after import = 1
========================================================================
Received Import Request.
  Time since last request: 0.398991 seconds.
  path: Assets/TerrainData_a5857493-beac-48f2-b3e7-906d1ee0c746.asset
  artifactKey: Guid(edcab832e6f226049bbf70f08501d6e0) Importer(815301076,1909f56bfc062723c751e8b465ee728b)
Start importing Assets/TerrainData_a5857493-beac-48f2-b3e7-906d1ee0c746.asset using Guid(edcab832e6f226049bbf70f08501d6e0) Importer(815301076,1909f56bfc062723c751e8b465ee728b)  -> (artifact id: 'a11b396ddf83c880133dce0b31cbe103') in 0.006729 seconds
Number of updated asset objects reloaded before import = 0
Number of asset objects unloaded after import = 1
========================================================================
Received Import Request.
  Time since last request: 0.453631 seconds.
  path: Assets/TerrainData_ff0f31e6-6776-4d1a-b882-24fda2b11db5.asset
  artifactKey: Guid(f37c857bc884c3d4ca6293c1abab16da) Importer(815301076,1909f56bfc062723c751e8b465ee728b)
Start importing Assets/TerrainData_ff0f31e6-6776-4d1a-b882-24fda2b11db5.asset using Guid(f37c857bc884c3d4ca6293c1abab16da) Importer(815301076,1909f56bfc062723c751e8b465ee728b)  -> (artifact id: '5ec407577319c6b434937f3fb4461503') in 0.006348 seconds
Number of updated asset objects reloaded before import = 0
Number of asset objects unloaded after import = 1
========================================================================
Received Import Request.
  Time since last request: 0.539877 seconds.
  path: Assets/TerrainData_53eb2479-e571-46b8-bb98-9487a71ff9e6.asset
  artifactKey: Guid(66dd89a6882cac24590a851da6fb38c8) Importer(815301076,1909f56bfc062723c751e8b465ee728b)
Start importing Assets/TerrainData_53eb2479-e571-46b8-bb98-9487a71ff9e6.asset using Guid(66dd89a6882cac24590a851da6fb38c8) Importer(815301076,1909f56bfc062723c751e8b465ee728b)  -> (artifact id: '43e58dedb2875cab9854aeeaab07492e') in 0.010698 seconds
Number of updated asset objects reloaded before import = 0
Number of asset objects unloaded after import = 1
========================================================================
Received Import Request.
  Time since last request: 1.176232 seconds.
  path: Assets/TerrainData_d34ab66a-928a-4044-a8ab-4d29e1ca0c33.asset
  artifactKey: Guid(26fe5eaa0a528194f82a035204a89827) Importer(815301076,1909f56bfc062723c751e8b465ee728b)
Start importing Assets/TerrainData_d34ab66a-928a-4044-a8ab-4d29e1ca0c33.asset using Guid(26fe5eaa0a528194f82a035204a89827) Importer(815301076,1909f56bfc062723c751e8b465ee728b)  -> (artifact id: '26ca0500dd641cb170bda0ea8da2217a') in 0.005120 seconds
Number of updated asset objects reloaded before import = 0
Number of asset objects unloaded after import = 1
========================================================================
Received Import Request.
  Time since last request: 0.320330 seconds.
  path: Assets/TerrainData_92d95d24-8c4e-4271-a428-a91cbb4ab167.asset
  artifactKey: Guid(2844ee48fb8b44f468ada7ed821b74c8) Importer(815301076,1909f56bfc062723c751e8b465ee728b)
Start importing Assets/TerrainData_92d95d24-8c4e-4271-a428-a91cbb4ab167.asset using Guid(2844ee48fb8b44f468ada7ed821b74c8) Importer(815301076,1909f56bfc062723c751e8b465ee728b)  -> (artifact id: 'c2aa9debc06d30c207ae0ad151bdcaa3') in 0.004563 seconds
Number of updated asset objects reloaded before import = 0
Number of asset objects unloaded after import = 1
========================================================================
Received Import Request.
  Time since last request: 0.442510 seconds.
  path: Assets/TerrainData_39d6ac4d-6f7d-40c5-963f-333f19986804.asset
  artifactKey: Guid(3eec074955cd59243be91c3eaa7fe8b4) Importer(815301076,1909f56bfc062723c751e8b465ee728b)
Start importing Assets/TerrainData_39d6ac4d-6f7d-40c5-963f-333f19986804.asset using Guid(3eec074955cd59243be91c3eaa7fe8b4) Importer(815301076,1909f56bfc062723c751e8b465ee728b)  -> (artifact id: '023c0b7c502ffdbce110d0118e0f4808') in 0.005572 seconds
Number of updated asset objects reloaded before import = 0
Number of asset objects unloaded after import = 1
========================================================================
Received Import Request.
  Time since last request: 36.099541 seconds.
  path: Assets/TerrainData_372f80ee-d04f-4024-9b14-0ed5e384a9cb.asset
  artifactKey: Guid(8b544bde862de0d41865cf9a4e2d7f44) Importer(815301076,1909f56bfc062723c751e8b465ee728b)
Start importing Assets/TerrainData_372f80ee-d04f-4024-9b14-0ed5e384a9cb.asset using Guid(8b544bde862de0d41865cf9a4e2d7f44) Importer(815301076,1909f56bfc062723c751e8b465ee728b)  -> (artifact id: 'e579cd4d2e7b5003869bd9441e4b15e8') in 0.005545 seconds
Number of updated asset objects reloaded before import = 0
Number of asset objects unloaded after import = 1
========================================================================
Received Import Request.
  Time since last request: 0.828488 seconds.
  path: Assets/TerrainData_8f39f219-9273-40cf-a743-a7e446647515.asset
  artifactKey: Guid(f115db0a0b52bf44594d157399926798) Importer(815301076,1909f56bfc062723c751e8b465ee728b)
Start importing Assets/TerrainData_8f39f219-9273-40cf-a743-a7e446647515.asset using Guid(f115db0a0b52bf44594d157399926798) Importer(815301076,1909f56bfc062723c751e8b465ee728b)  -> (artifact id: '7c26e4a57c0fa92226b54ed2cd548c42') in 0.004673 seconds
Number of updated asset objects reloaded before import = 0
Number of asset objects unloaded after import = 1
========================================================================
Received Import Request.
  Time since last request: 0.617903 seconds.
  path: Assets/TerrainData_8bdb7f7e-81cf-43a9-8421-fdddd4d1077a.asset
  artifactKey: Guid(9f11b80947e878740851dac41078b8ad) Importer(815301076,1909f56bfc062723c751e8b465ee728b)
Start importing Assets/TerrainData_8bdb7f7e-81cf-43a9-8421-fdddd4d1077a.asset using Guid(9f11b80947e878740851dac41078b8ad) Importer(815301076,1909f56bfc062723c751e8b465ee728b)  -> (artifact id: '458b5c3f4eae4149454b9cebe9b45fda') in 0.005031 seconds
Number of updated asset objects reloaded before import = 0
Number of asset objects unloaded after import = 1
========================================================================
Received Import Request.
  Time since last request: 0.576168 seconds.
  path: Assets/TerrainData_a4aa747b-8096-46e9-9e81-d7d754e2a5bd.asset
  artifactKey: Guid(32078ca4250f37a4a8f98fb2c17a443d) Importer(815301076,1909f56bfc062723c751e8b465ee728b)
Start importing Assets/TerrainData_a4aa747b-8096-46e9-9e81-d7d754e2a5bd.asset using Guid(32078ca4250f37a4a8f98fb2c17a443d) Importer(815301076,1909f56bfc062723c751e8b465ee728b)  -> (artifact id: '955ac444c8a3c60c6fa612f44ca0130c') in 0.005031 seconds
Number of updated asset objects reloaded before import = 0
Number of asset objects unloaded after import = 1
========================================================================
Received Import Request.
  Time since last request: 0.393632 seconds.
  path: Assets/TerrainData_11493f58-61a8-48bd-8401-b6ba39f71027.asset
  artifactKey: Guid(d9a7fbb2f66e19040a2e9515dad37bf7) Importer(815301076,1909f56bfc062723c751e8b465ee728b)
Start importing Assets/TerrainData_11493f58-61a8-48bd-8401-b6ba39f71027.asset using Guid(d9a7fbb2f66e19040a2e9515dad37bf7) Importer(815301076,1909f56bfc062723c751e8b465ee728b)  -> (artifact id: '42dc6511e87df634d04e0dc01ef87b0a') in 0.004643 seconds
Number of updated asset objects reloaded before import = 0
Number of asset objects unloaded after import = 1
========================================================================
Received Import Request.
  Time since last request: 0.567459 seconds.
  path: Assets/TerrainData_8a0ede1a-4497-45bd-a72b-ab4eb3cff5a5.asset
  artifactKey: Guid(c5bf7157a95bef241850a520cf6e0841) Importer(815301076,1909f56bfc062723c751e8b465ee728b)
Start importing Assets/TerrainData_8a0ede1a-4497-45bd-a72b-ab4eb3cff5a5.asset using Guid(c5bf7157a95bef241850a520cf6e0841) Importer(815301076,1909f56bfc062723c751e8b465ee728b)  -> (artifact id: 'b28b86c5befc0d9408de39658ecff28e') in 0.005303 seconds
Number of updated asset objects reloaded before import = 0
Number of asset objects unloaded after import = 1
========================================================================
Received Import Request.
  Time since last request: 0.587301 seconds.
  path: Assets/TerrainData_e68fcd70-3ae0-4add-825a-a1c208002913.asset
  artifactKey: Guid(cf28720774a84be479de6328128254c0) Importer(815301076,1909f56bfc062723c751e8b465ee728b)
Start importing Assets/TerrainData_e68fcd70-3ae0-4add-825a-a1c208002913.asset using Guid(cf28720774a84be479de6328128254c0) Importer(815301076,1909f56bfc062723c751e8b465ee728b)  -> (artifact id: '4f0508cbd8f717a87a084a1a88c27525') in 0.005274 seconds
Number of updated asset objects reloaded before import = 0
Number of asset objects unloaded after import = 1
========================================================================
Received Import Request.
  Time since last request: 0.310998 seconds.
  path: Assets/TerrainData_b68d1d31-a843-4c85-94a3-7307c0dfac1e.asset
  artifactKey: Guid(d179324b8f728004e9281f18b5cd805a) Importer(815301076,1909f56bfc062723c751e8b465ee728b)
Start importing Assets/TerrainData_b68d1d31-a843-4c85-94a3-7307c0dfac1e.asset using Guid(d179324b8f728004e9281f18b5cd805a) Importer(815301076,1909f56bfc062723c751e8b465ee728b)  -> (artifact id: 'cc491a3dcfba7bdd6b3b27c21fa6bb75') in 0.005719 seconds
Number of updated asset objects reloaded before import = 0
Number of asset objects unloaded after import = 1
========================================================================
Received Import Request.
  Time since last request: 0.834640 seconds.
  path: Assets/TerrainData_5125e3e4-4e30-441a-b073-857d1bb0ba2a.asset
  artifactKey: Guid(c44bd1214848f284cb671e2f50308b87) Importer(815301076,1909f56bfc062723c751e8b465ee728b)
Start importing Assets/TerrainData_5125e3e4-4e30-441a-b073-857d1bb0ba2a.asset using Guid(c44bd1214848f284cb671e2f50308b87) Importer(815301076,1909f56bfc062723c751e8b465ee728b)  -> (artifact id: 'cc0827bbbc2538f874d84e847072c228') in 0.004713 seconds
Number of updated asset objects reloaded before import = 0
Number of asset objects unloaded after import = 1
========================================================================
Received Import Request.
  Time since last request: 0.381957 seconds.
  path: Assets/TerrainData_51ad07de-a9d9-4e2b-b799-1596ceaff18d.asset
  artifactKey: Guid(caf8b2f5257a1d8468808f42516a93ec) Importer(815301076,1909f56bfc062723c751e8b465ee728b)
Start importing Assets/TerrainData_51ad07de-a9d9-4e2b-b799-1596ceaff18d.asset using Guid(caf8b2f5257a1d8468808f42516a93ec) Importer(815301076,1909f56bfc062723c751e8b465ee728b)  -> (artifact id: '058f3d4e708ba39683cb51bc1fe9816b') in 0.005315 seconds
Number of updated asset objects reloaded before import = 0
Number of asset objects unloaded after import = 1
========================================================================
Received Import Request.
  Time since last request: 0.422088 seconds.
  path: Assets/TerrainData_b36da3f4-ed38-4608-8bb4-5e19ffbce81f.asset
  artifactKey: Guid(8ae4cdcbe7c4ebf41b752f6433a513a1) Importer(815301076,1909f56bfc062723c751e8b465ee728b)
Start importing Assets/TerrainData_b36da3f4-ed38-4608-8bb4-5e19ffbce81f.asset using Guid(8ae4cdcbe7c4ebf41b752f6433a513a1) Importer(815301076,1909f56bfc062723c751e8b465ee728b)  -> (artifact id: 'f2abb512d16ad1cf30cebd4eb74fefa8') in 0.004890 seconds
Number of updated asset objects reloaded before import = 0
Number of asset objects unloaded after import = 1
========================================================================
Received Import Request.
  Time since last request: 0.934518 seconds.
  path: Assets/TerrainData_a578ae9a-4e43-45ef-b1c1-0f9da2927940.asset
  artifactKey: Guid(db785bfef9f19824fbc05a16a6744850) Importer(815301076,1909f56bfc062723c751e8b465ee728b)
Start importing Assets/TerrainData_a578ae9a-4e43-45ef-b1c1-0f9da2927940.asset using Guid(db785bfef9f19824fbc05a16a6744850) Importer(815301076,1909f56bfc062723c751e8b465ee728b)  -> (artifact id: '8f23861ac7daa8148ead14dd7ac85c49') in 0.005702 seconds
Number of updated asset objects reloaded before import = 0
Number of asset objects unloaded after import = 1
========================================================================
Received Prepare
Begin MonoManager ReloadAssembly
- Loaded All Assemblies, in  0.468 seconds
Refreshing native plugins compatible for Editor in 4.68 ms, found 3 plugins.
Native extension for WindowsStandalone target not found
Native extension for WebGL target not found
[Package Manager] Server::EnsureServerProcessIsRunning -- launch failed, reason: Unity was launched with the -noUpm command-line argument
[Package Manager] UpmClient::Send -- Unable to send message (not connected to UPM process).
[Package Manager] Cannot connect to Unity Package Manager local server
Mono: successfully reloaded assembly
- Finished resetting the current domain, in  0.848 seconds
Domain Reload Profiling: 1312ms
	BeginReloadAssembly (166ms)
		ExecutionOrderSort (0ms)
		DisableScriptedObjects (8ms)
		BackupInstance (0ms)
		ReleaseScriptingObjects (0ms)
		CreateAndSetChildDomain (29ms)
	RebuildCommonClasses (25ms)
	RebuildNativeTypeToScriptingClass (8ms)
	initialDomainReloadingComplete (27ms)
	LoadAllAssembliesAndSetupDomain (237ms)
		LoadAssemblies (308ms)
		RebuildTransferFunctionScriptingTraits (0ms)
		AnalyzeDomain (21ms)
			TypeCache.Refresh (8ms)
				TypeCache.ScanAssembly (0ms)
			ScanForSourceGeneratedMonoScriptInfo (6ms)
			ResolveRequiredComponents (6ms)
	FinalizeReload (849ms)
		ReleaseScriptCaches (0ms)
		RebuildScriptCaches (0ms)
		SetupLoadedEditorAssemblies (365ms)
			LogAssemblyErrors (0ms)
			InitializePlatformSupportModulesInManaged (8ms)
			SetLoadedEditorAssemblies (3ms)
			RefreshPlugins (0ms)
			BeforeProcessingInitializeOnLoad (63ms)
			ProcessInitializeOnLoadAttributes (262ms)
			ProcessInitializeOnLoadMethodAttributes (19ms)
			AfterProcessingInitializeOnLoad (10ms)
			EditorAssembliesLoaded (0ms)
		ExecutionOrderSort2 (0ms)
		AwakeInstancesAfterBackupRestoration (8ms)
Refreshing native plugins compatible for Editor in 2.99 ms, found 3 plugins.
Preloading 0 native plugins for Editor in 0.00 ms.
Unloading 3086 Unused Serialized files (Serialized files now loaded: 0)
Unloading 23 unused Assets / (31.2 KB). Loaded Objects now: 3573.
Memory consumption went from 131.5 MB to 131.4 MB.
Total: 2.134200 ms (FindLiveObjects: 0.159300 ms CreateObjectMapping: 0.061200 ms MarkObjects: 1.866100 ms  DeleteObjects: 0.046200 ms)

Prepare: number of updated asset objects reloaded= 0
AssetImportParameters requested are different than current active one (requested -> active):
  custom:container-demuxer-ogg: 62fdf1f143b41e24485cea50d1cbac27 -> 
  custom:video-codec-MediaFoundation-h265: 746d11721c4dcdbdad8f713fa42b33f4 -> 
  custom:video-decoder-ogg-theora: a1e56fd34408186e4bbccfd4996cb3dc -> 
  custom:framework-win-MediaFoundation: 216162199b28c13a410421893ffa2e32 -> 
  custom:CustomObjectIndexerAttribute: 9a22284fe3817be447336de3de66b15e -> 
  custom:container-demuxer-webm: 4f35f7cbe854078d1ac9338744f61a02 -> 
  custom:container-muxer-webm: aa71ff27fc2769a1b78a27578f13a17b -> 
  custom:video-decoder-webm-vp8: 9c59270c3fd7afecdb556c50c9e8de78 -> 
  custom:SearchIndexIgnoredProperties: e643bd26f0fe6173181afceb89e7c659 -> 
  custom:AudioImporter_EditorPlatform: d09bf68614088b80899f8185d706f6e7 -> 
  custom:video-encoder-webm-vp8: eb34c28f22e8b96e1ab97ce403110664 -> 
  custom:audio-decoder-ogg-vorbis: bf7c407c2cedff20999df2af8eb42d56 -> 
  custom:audio-encoder-webm-vorbis: bf7c407c2cedff20999df2af8eb42d56 -> 
========================================================================
Received Import Request.
  Time since last request: 428.554466 seconds.
  path: Assets/AQUAS-Lite/Textures/AQUAS_Foam.jpg
  artifactKey: Guid(6cb123095ca4b4e4680773312ba1c076) Importer(815301076,1909f56bfc062723c751e8b465ee728b)
Start importing Assets/AQUAS-Lite/Textures/AQUAS_Foam.jpg using Guid(6cb123095ca4b4e4680773312ba1c076) Importer(815301076,1909f56bfc062723c751e8b465ee728b)  -> (artifact id: '249084a6b4c2bf791310d389d341818d') in 0.099509 seconds
Number of updated asset objects reloaded before import = 0
Number of asset objects unloaded after import = 2
========================================================================
Received Import Request.
  Time since last request: 0.000023 seconds.
  path: Assets/4K Tiled Ground Textures/Textures/grass/grass_toon_2.png
  artifactKey: Guid(0defa6a149dbb47ee9b9e06d6f4a13b6) Importer(815301076,1909f56bfc062723c751e8b465ee728b)
Start importing Assets/4K Tiled Ground Textures/Textures/grass/grass_toon_2.png using Guid(0defa6a149dbb47ee9b9e06d6f4a13b6) Importer(815301076,1909f56bfc062723c751e8b465ee728b)  -> (artifact id: '853d1712cf4bab12a57f1ec13e6c34af') in 0.065848 seconds
Number of updated asset objects reloaded before import = 0
Number of asset objects unloaded after import = 3
========================================================================
Received Import Request.
  Time since last request: 0.000034 seconds.
  path: Assets/4K Tiled Ground Textures/Textures/grass/grass_toon_4.png
  artifactKey: Guid(ee0b3cf664ae344d882064fe6b397b09) Importer(815301076,1909f56bfc062723c751e8b465ee728b)
Start importing Assets/4K Tiled Ground Textures/Textures/grass/grass_toon_4.png using Guid(ee0b3cf664ae344d882064fe6b397b09) Importer(815301076,1909f56bfc062723c751e8b465ee728b)  -> (artifact id: 'd2e7e4b477a1d062ed0412b3cf5226a9') in 0.035795 seconds
Number of updated asset objects reloaded before import = 0
Number of asset objects unloaded after import = 3
========================================================================
Received Import Request.
  Time since last request: 0.000507 seconds.
  path: Assets/AQUAS-Lite/Demo/Textures/Grass.jpg
  artifactKey: Guid(34429bd1432eead4281c991a7f86aec7) Importer(815301076,1909f56bfc062723c751e8b465ee728b)
Start importing Assets/AQUAS-Lite/Demo/Textures/Grass.jpg using Guid(34429bd1432eead4281c991a7f86aec7) Importer(815301076,1909f56bfc062723c751e8b465ee728b)  -> (artifact id: 'c9107d0451d4c3981116e0d8abd76657') in 0.023331 seconds
Number of updated asset objects reloaded before import = 0
Number of asset objects unloaded after import = 2
========================================================================
Received Import Request.
  Time since last request: 0.000019 seconds.
  path: Assets/AQUAS-Lite/Demo/Textures/Gravel.jpg
  artifactKey: Guid(fe4e2613219b2654c82dd59079667fe6) Importer(815301076,1909f56bfc062723c751e8b465ee728b)
Start importing Assets/AQUAS-Lite/Demo/Textures/Gravel.jpg using Guid(fe4e2613219b2654c82dd59079667fe6) Importer(815301076,1909f56bfc062723c751e8b465ee728b)  -> (artifact id: '619909bfa06db9d31c79a84e2c43c454') in 0.014851 seconds
Number of updated asset objects reloaded before import = 0
Number of asset objects unloaded after import = 2
========================================================================
Received Import Request.
  Time since last request: 0.000018 seconds.
  path: Assets/4K Tiled Ground Textures/Textures/grass/grass_toon_1.png
  artifactKey: Guid(f5254faf18f744bbcbdf8687b6db670e) Importer(815301076,1909f56bfc062723c751e8b465ee728b)
Start importing Assets/4K Tiled Ground Textures/Textures/grass/grass_toon_1.png using Guid(f5254faf18f744bbcbdf8687b6db670e) Importer(815301076,1909f56bfc062723c751e8b465ee728b)  -> (artifact id: '7ce1c55ca24f98e4167965355199a826') in 0.042603 seconds
Number of updated asset objects reloaded before import = 0
Number of asset objects unloaded after import = 3
========================================================================
Received Import Request.
  Time since last request: 0.000024 seconds.
  path: Assets/4K Tiled Ground Textures/Textures/ice/ice_real_1.png
  artifactKey: Guid(27da08d2ff6ca4804abe8974e2391ff7) Importer(815301076,1909f56bfc062723c751e8b465ee728b)
Start importing Assets/4K Tiled Ground Textures/Textures/ice/ice_real_1.png using Guid(27da08d2ff6ca4804abe8974e2391ff7) Importer(815301076,1909f56bfc062723c751e8b465ee728b)  -> (artifact id: 'a4271f5bb62a6a49979255422a4af80e') in 0.025343 seconds
Number of updated asset objects reloaded before import = 0
Number of asset objects unloaded after import = 3
========================================================================
Received Import Request.
  Time since last request: 0.000278 seconds.
  path: Assets/AQUAS-Lite/Demo/Textures/Grass_normal.jpg
  artifactKey: Guid(90b846a0f2d470248a7f4e706a1ef73a) Importer(815301076,1909f56bfc062723c751e8b465ee728b)
Start importing Assets/AQUAS-Lite/Demo/Textures/Grass_normal.jpg using Guid(90b846a0f2d470248a7f4e706a1ef73a) Importer(815301076,1909f56bfc062723c751e8b465ee728b)  -> (artifact id: 'cb9322dd0fabcffdf5d9825b9c0b4306') in 0.016593 seconds
Number of updated asset objects reloaded before import = 0
Number of asset objects unloaded after import = 2
========================================================================
Received Import Request.
  Time since last request: 3.728842 seconds.
  path: Assets/4K Tiled Ground Textures/Textures/ice/ice_toon_4.png
  artifactKey: Guid(59ae8d5085aa148ffbbc780189459376) Importer(815301076,1909f56bfc062723c751e8b465ee728b)
Start importing Assets/4K Tiled Ground Textures/Textures/ice/ice_toon_4.png using Guid(59ae8d5085aa148ffbbc780189459376) Importer(815301076,1909f56bfc062723c751e8b465ee728b)  -> (artifact id: 'e138a6b356f58934874e86c2c9b093ab') in 0.052048 seconds
Number of updated asset objects reloaded before import = 0
Number of asset objects unloaded after import = 3
========================================================================
Received Import Request.
  Time since last request: 0.000906 seconds.
  path: Assets/4K Tiled Ground Textures/Textures/lava/lava_real_1.png
  artifactKey: Guid(6781cf2a682cd4c6cbfdf21f65af50d8) Importer(815301076,1909f56bfc062723c751e8b465ee728b)
Start importing Assets/4K Tiled Ground Textures/Textures/lava/lava_real_1.png using Guid(6781cf2a682cd4c6cbfdf21f65af50d8) Importer(815301076,1909f56bfc062723c751e8b465ee728b)  -> (artifact id: '2106e55ffe204f9865afe0a0605ac123') in 0.022658 seconds
Number of updated asset objects reloaded before import = 0
Number of asset objects unloaded after import = 3
========================================================================
Received Import Request.
  Time since last request: 0.000027 seconds.
  path: Assets/4K Tiled Ground Textures/Textures/ice/ice_toon_smooth_2.png
  artifactKey: Guid(2d0fad4178f8442ca8cb14e535343980) Importer(815301076,1909f56bfc062723c751e8b465ee728b)
Start importing Assets/4K Tiled Ground Textures/Textures/ice/ice_toon_smooth_2.png using Guid(2d0fad4178f8442ca8cb14e535343980) Importer(815301076,1909f56bfc062723c751e8b465ee728b)  -> (artifact id: '4bb1b1848dc48f2e36d21952053e2b3a') in 0.021855 seconds
Number of updated asset objects reloaded before import = 0
Number of asset objects unloaded after import = 3
========================================================================
Received Import Request.
  Time since last request: 1.730517 seconds.
  path: Assets/4K Tiled Ground Textures/Textures/lava/lava_real_3.png
  artifactKey: Guid(043ffd17108ff49cdaa81656cea88974) Importer(815301076,1909f56bfc062723c751e8b465ee728b)
Start importing Assets/4K Tiled Ground Textures/Textures/lava/lava_real_3.png using Guid(043ffd17108ff49cdaa81656cea88974) Importer(815301076,1909f56bfc062723c751e8b465ee728b)  -> (artifact id: 'ec9a4fb5476fbee2ba0c988943b2bcb4') in 0.071516 seconds
Number of updated asset objects reloaded before import = 0
Number of asset objects unloaded after import = 3
========================================================================
Received Import Request.
  Time since last request: 0.000019 seconds.
  path: Assets/4K Tiled Ground Textures/Textures/lava/lava_toon_4.png
  artifactKey: Guid(ef0857c761f4e48c3b833bad79770e6d) Importer(815301076,1909f56bfc062723c751e8b465ee728b)
Start importing Assets/4K Tiled Ground Textures/Textures/lava/lava_toon_4.png using Guid(ef0857c761f4e48c3b833bad79770e6d) Importer(815301076,1909f56bfc062723c751e8b465ee728b)  -> (artifact id: 'f9ab5c4f82dc35c6f77f03426fc56192') in 0.028884 seconds
Number of updated asset objects reloaded before import = 0
Number of asset objects unloaded after import = 3
========================================================================
Received Import Request.
  Time since last request: 0.015337 seconds.
  path: Assets/4K Tiled Ground Textures/Textures/lava/lava_toon_6.png
  artifactKey: Guid(a8e8fde81de6b463c8cd0adcb1b3b307) Importer(815301076,1909f56bfc062723c751e8b465ee728b)
Start importing Assets/4K Tiled Ground Textures/Textures/lava/lava_toon_6.png using Guid(a8e8fde81de6b463c8cd0adcb1b3b307) Importer(815301076,1909f56bfc062723c751e8b465ee728b)  -> (artifact id: 'cffa19e59f66ecf2e1b7fc06e3fe1000') in 0.035759 seconds
Number of updated asset objects reloaded before import = 0
Number of asset objects unloaded after import = 3
========================================================================
Received Import Request.
  Time since last request: 40.601411 seconds.
  path: Assets/_TerrainAutoUpgrade/layer_Grass608c3929b87867c.terrainlayer
  artifactKey: Guid(e68393a61a6f6644b86e0af40a339226) Importer(815301076,1909f56bfc062723c751e8b465ee728b)
Start importing Assets/_TerrainAutoUpgrade/layer_Grass608c3929b87867c.terrainlayer using Guid(e68393a61a6f6644b86e0af40a339226) Importer(815301076,1909f56bfc062723c751e8b465ee728b)  -> (artifact id: '494e1de43f2347678ff97d0f52bbc7a6') in 0.037975 seconds
Number of updated asset objects reloaded before import = 0
Number of asset objects unloaded after import = 2
========================================================================
Received Import Request.
  Time since last request: 7.985803 seconds.
  path: Assets/4K Tiled Ground Textures/Textures/lava/lava_toon_9.png
  artifactKey: Guid(62e78d44f4ae44e078b4c71bf3319f57) Importer(815301076,1909f56bfc062723c751e8b465ee728b)
Start importing Assets/4K Tiled Ground Textures/Textures/lava/lava_toon_9.png using Guid(62e78d44f4ae44e078b4c71bf3319f57) Importer(815301076,1909f56bfc062723c751e8b465ee728b)  -> (artifact id: '7119f4812910a42b23365e79391a7297') in 0.035489 seconds
Number of updated asset objects reloaded before import = 0
Number of asset objects unloaded after import = 3
========================================================================
Received Import Request.
  Time since last request: 0.352273 seconds.
  path: Assets/ModularFirstPersonController/DemoScene/Gridbox Prototype Materials/Resources/Textures/Prototype Grid/prototype_512x512_blue3.png
  artifactKey: Guid(b6fc60785b6a795478135ce6f7712c5a) Importer(815301076,1909f56bfc062723c751e8b465ee728b)
Start importing Assets/ModularFirstPersonController/DemoScene/Gridbox Prototype Materials/Resources/Textures/Prototype Grid/prototype_512x512_blue3.png using Guid(b6fc60785b6a795478135ce6f7712c5a) Importer(815301076,1909f56bfc062723c751e8b465ee728b)  -> (artifact id: 'e12e7232bfcd206614451e07a41b9351') in 0.055438 seconds
Number of updated asset objects reloaded before import = 0
Number of asset objects unloaded after import = 2
========================================================================
Received Import Request.
  Time since last request: 0.000018 seconds.
  path: Assets/ModularFirstPersonController/DemoScene/Gridbox Prototype Materials/Resources/Textures/Prototype Grid/prototype_512x512_grey1.png
  artifactKey: Guid(dd29f35641da38647a1eeb1028211f1a) Importer(815301076,1909f56bfc062723c751e8b465ee728b)
Start importing Assets/ModularFirstPersonController/DemoScene/Gridbox Prototype Materials/Resources/Textures/Prototype Grid/prototype_512x512_grey1.png using Guid(dd29f35641da38647a1eeb1028211f1a) Importer(815301076,1909f56bfc062723c751e8b465ee728b)  -> (artifact id: 'c22737a9c6084c52f21e89c206e9d6e3') in 0.015832 seconds
Number of updated asset objects reloaded before import = 0
Number of asset objects unloaded after import = 2
========================================================================
Received Import Request.
  Time since last request: 0.000028 seconds.
  path: Assets/ModularFirstPersonController/DemoScene/Gridbox Prototype Materials/Resources/Textures/Prototype Grid/prototype_512x512_cyan.png
  artifactKey: Guid(6c35396cb8128474a8a73c6b19f2fe1f) Importer(815301076,1909f56bfc062723c751e8b465ee728b)
Start importing Assets/ModularFirstPersonController/DemoScene/Gridbox Prototype Materials/Resources/Textures/Prototype Grid/prototype_512x512_cyan.png using Guid(6c35396cb8128474a8a73c6b19f2fe1f) Importer(815301076,1909f56bfc062723c751e8b465ee728b)  -> (artifact id: '01b339e2206fccf5934ed3207d32046b') in 0.010688 seconds
Number of updated asset objects reloaded before import = 0
Number of asset objects unloaded after import = 2
========================================================================
Received Import Request.
  Time since last request: 0.000019 seconds.
  path: Assets/ModularFirstPersonController/DemoScene/Gridbox Prototype Materials/Resources/Textures/Prototype Grid/prototype_512x512_orange.png
  artifactKey: Guid(fe3e0a556829be24bb87c912d79e872d) Importer(815301076,1909f56bfc062723c751e8b465ee728b)
Start importing Assets/ModularFirstPersonController/DemoScene/Gridbox Prototype Materials/Resources/Textures/Prototype Grid/prototype_512x512_orange.png using Guid(fe3e0a556829be24bb87c912d79e872d) Importer(815301076,1909f56bfc062723c751e8b465ee728b)  -> (artifact id: '1b0f5d72981f3f0f42338a93a880d165') in 0.014996 seconds
Number of updated asset objects reloaded before import = 0
Number of asset objects unloaded after import = 2
========================================================================
Received Import Request.
  Time since last request: 0.000026 seconds.
  path: Assets/ModularFirstPersonController/DemoScene/Gridbox Prototype Materials/Resources/Textures/Prototype Grid/prototype_512x512_grey4.png
  artifactKey: Guid(ed0c2c8a99e92e14ba740ac8aa428288) Importer(815301076,1909f56bfc062723c751e8b465ee728b)
Start importing Assets/ModularFirstPersonController/DemoScene/Gridbox Prototype Materials/Resources/Textures/Prototype Grid/prototype_512x512_grey4.png using Guid(ed0c2c8a99e92e14ba740ac8aa428288) Importer(815301076,1909f56bfc062723c751e8b465ee728b)  -> (artifact id: '7aad6e18f5370427053182e831b404a6') in 0.015830 seconds
Number of updated asset objects reloaded before import = 0
Number of asset objects unloaded after import = 2
========================================================================
Received Import Request.
  Time since last request: 0.000296 seconds.
  path: Assets/ModularFirstPersonController/DemoScene/Gridbox Prototype Materials/Resources/Textures/Prototype Grid/prototype_512x512_red.png
  artifactKey: Guid(3d6064e2e1cd7214e9f67f3a68f494fb) Importer(815301076,1909f56bfc062723c751e8b465ee728b)
Start importing Assets/ModularFirstPersonController/DemoScene/Gridbox Prototype Materials/Resources/Textures/Prototype Grid/prototype_512x512_red.png using Guid(3d6064e2e1cd7214e9f67f3a68f494fb) Importer(815301076,1909f56bfc062723c751e8b465ee728b)  -> (artifact id: '9ac04aeefa65bd1a84ee305a36337ef7') in 0.009844 seconds
Number of updated asset objects reloaded before import = 0
Number of asset objects unloaded after import = 2
========================================================================
Received Import Request.
  Time since last request: 0.000242 seconds.
  path: Assets/4K Tiled Ground Textures/Textures/rocks/rock_black_1.png
  artifactKey: Guid(266e639e72d7f4c03aad0c2590d6c799) Importer(815301076,1909f56bfc062723c751e8b465ee728b)
Start importing Assets/4K Tiled Ground Textures/Textures/rocks/rock_black_1.png using Guid(266e639e72d7f4c03aad0c2590d6c799) Importer(815301076,1909f56bfc062723c751e8b465ee728b)  -> (artifact id: 'feff4d8144cb35e5c773f41b9652e851') in 0.022500 seconds
Number of updated asset objects reloaded before import = 0
Number of asset objects unloaded after import = 3
========================================================================
Received Import Request.
  Time since last request: 0.509132 seconds.
  path: Assets/4K Tiled Ground Textures/Textures/rocks/rock_black_5.png
  artifactKey: Guid(42e684188422f469387d6580923d5532) Importer(815301076,1909f56bfc062723c751e8b465ee728b)
Start importing Assets/4K Tiled Ground Textures/Textures/rocks/rock_black_5.png using Guid(42e684188422f469387d6580923d5532) Importer(815301076,1909f56bfc062723c751e8b465ee728b)  -> (artifact id: '24276ef904d2c675d2bc2f0d0ead8d56') in 0.071565 seconds
Number of updated asset objects reloaded before import = 0
Number of asset objects unloaded after import = 3
========================================================================
Received Import Request.
  Time since last request: 0.000025 seconds.
  path: Assets/4K Tiled Ground Textures/Textures/sand/sand_3.png
  artifactKey: Guid(54e9685a86bd3469fb1cac1572f7a4cc) Importer(815301076,1909f56bfc062723c751e8b465ee728b)
Start importing Assets/4K Tiled Ground Textures/Textures/sand/sand_3.png using Guid(54e9685a86bd3469fb1cac1572f7a4cc) Importer(815301076,1909f56bfc062723c751e8b465ee728b)  -> (artifact id: 'e18fc8809c48e8b789ebc5d6cc141157') in 0.024416 seconds
Number of updated asset objects reloaded before import = 0
Number of asset objects unloaded after import = 3
========================================================================
Received Import Request.
  Time since last request: 0.000405 seconds.
  path: Assets/4K Tiled Ground Textures/Textures/sand/sand_1.png
  artifactKey: Guid(6d8ae0371f2c24e1baec690a64430ac2) Importer(815301076,1909f56bfc062723c751e8b465ee728b)
Start importing Assets/4K Tiled Ground Textures/Textures/sand/sand_1.png using Guid(6d8ae0371f2c24e1baec690a64430ac2) Importer(815301076,1909f56bfc062723c751e8b465ee728b)  -> (artifact id: 'e24f51f8ad861eb77a3fd2d5ed0a0c42') in 0.026330 seconds
Number of updated asset objects reloaded before import = 0
Number of asset objects unloaded after import = 3
========================================================================
Received Import Request.
  Time since last request: 0.000025 seconds.
  path: Assets/4K Tiled Ground Textures/Textures/snow/snow_waves_1.png
  artifactKey: Guid(9f71188410ef6478dbfa23aa6c4641a3) Importer(815301076,1909f56bfc062723c751e8b465ee728b)
Start importing Assets/4K Tiled Ground Textures/Textures/snow/snow_waves_1.png using Guid(9f71188410ef6478dbfa23aa6c4641a3) Importer(815301076,1909f56bfc062723c751e8b465ee728b)  -> (artifact id: '04645ac05055b227af2947aae172b7b2') in 0.023199 seconds
Number of updated asset objects reloaded before import = 0
Number of asset objects unloaded after import = 3
========================================================================
Received Import Request.
  Time since last request: 0.000865 seconds.
  path: Assets/4K Tiled Ground Textures/Textures/snow/snow_mountain_1.png
  artifactKey: Guid(37bedd9f8a8b24195a7420b4430d13e6) Importer(815301076,1909f56bfc062723c751e8b465ee728b)
Start importing Assets/4K Tiled Ground Textures/Textures/snow/snow_mountain_1.png using Guid(37bedd9f8a8b24195a7420b4430d13e6) Importer(815301076,1909f56bfc062723c751e8b465ee728b)  -> (artifact id: '6db63b2a967f22033d780ff6fa881f51') in 0.019406 seconds
Number of updated asset objects reloaded before import = 0
Number of asset objects unloaded after import = 3
========================================================================
Received Import Request.
  Time since last request: 0.000018 seconds.
  path: Assets/4K Tiled Ground Textures/Textures/snow/snow_solid_1.png
  artifactKey: Guid(b8096dae4ce5440a7928dd8d34378776) Importer(815301076,1909f56bfc062723c751e8b465ee728b)
Start importing Assets/4K Tiled Ground Textures/Textures/snow/snow_solid_1.png using Guid(b8096dae4ce5440a7928dd8d34378776) Importer(815301076,1909f56bfc062723c751e8b465ee728b)  -> (artifact id: '042453f91a371914b65feb6107e891fc') in 0.042206 seconds
Number of updated asset objects reloaded before import = 0
Number of asset objects unloaded after import = 3
========================================================================
Received Import Request.
  Time since last request: 0.000238 seconds.
  path: Assets/4K Tiled Ground Textures/Textures/snow/snow_solid_2.png
  artifactKey: Guid(fe857094da6cf49708c2523b2d29ba8b) Importer(815301076,1909f56bfc062723c751e8b465ee728b)
Start importing Assets/4K Tiled Ground Textures/Textures/snow/snow_solid_2.png using Guid(fe857094da6cf49708c2523b2d29ba8b) Importer(815301076,1909f56bfc062723c751e8b465ee728b)  -> (artifact id: 'f77ce9eda31a03ce8e79ea9861555a5c') in 1.645490 seconds
Number of updated asset objects reloaded before import = 0
Number of asset objects unloaded after import = 3
========================================================================
Received Import Request.
  Time since last request: 51.836045 seconds.
  path: Assets/AQUAS-Lite/Prefabs/WaterPlane.prefab
  artifactKey: Guid(6488b6e6bbe8a9c4585b531a71d8211c) Importer(815301076,1909f56bfc062723c751e8b465ee728b)
Start importing Assets/AQUAS-Lite/Prefabs/WaterPlane.prefab using Guid(6488b6e6bbe8a9c4585b531a71d8211c) Importer(815301076,1909f56bfc062723c751e8b465ee728b)  -> (artifact id: '59f6984b54d2c2a529b8bed2903699a5') in 0.672331 seconds
Number of updated asset objects reloaded before import = 0
Number of asset objects unloaded after import = 18
========================================================================
Received Import Request.
  Time since last request: 62.204330 seconds.
  path: Assets/New Terrain.asset
  artifactKey: Guid(d9979ccbbe3b22840924a75481074c67) Importer(815301076,1909f56bfc062723c751e8b465ee728b)
Start importing Assets/New Terrain.asset using Guid(d9979ccbbe3b22840924a75481074c67) Importer(815301076,1909f56bfc062723c751e8b465ee728b)  -> (artifact id: '0650d9756e62bbb32c41b9f0f4f6fcb8') in 0.053500 seconds
Number of updated asset objects reloaded before import = 0
Number of asset objects unloaded after import = 4
========================================================================
Received Import Request.
  Time since last request: 0.000024 seconds.
  path: Assets/TerrainData_09b310dc-7b55-4db7-83d8-cd94b830d3eb.asset
  artifactKey: Guid(9857e54d508d6e34ab9924cff4f1c256) Importer(815301076,1909f56bfc062723c751e8b465ee728b)
Start importing Assets/TerrainData_09b310dc-7b55-4db7-83d8-cd94b830d3eb.asset using Guid(9857e54d508d6e34ab9924cff4f1c256) Importer(815301076,1909f56bfc062723c751e8b465ee728b)  -> (artifact id: 'cf0f78fa64a33c1ba944d78926da4f0a') in 0.042083 seconds
Number of updated asset objects reloaded before import = 0
Number of asset objects unloaded after import = 3
========================================================================
Received Import Request.
  Time since last request: 0.000041 seconds.
  path: Assets/TerrainData_ff0f31e6-6776-4d1a-b882-24fda2b11db5.asset
  artifactKey: Guid(f37c857bc884c3d4ca6293c1abab16da) Importer(815301076,1909f56bfc062723c751e8b465ee728b)
Start importing Assets/TerrainData_ff0f31e6-6776-4d1a-b882-24fda2b11db5.asset using Guid(f37c857bc884c3d4ca6293c1abab16da) Importer(815301076,1909f56bfc062723c751e8b465ee728b)  -> (artifact id: 'e07d8bfe7eb962fcb89455885d772bca') in 0.022263 seconds
Number of updated asset objects reloaded before import = 0
Number of asset objects unloaded after import = 4
========================================================================
Received Import Request.
  Time since last request: 0.000018 seconds.
  path: Assets/TerrainData_40029261-9041-40d0-b8af-09a04859d9ac.asset
  artifactKey: Guid(4584939651857d14d8ad793e038f8a82) Importer(815301076,1909f56bfc062723c751e8b465ee728b)
Start importing Assets/TerrainData_40029261-9041-40d0-b8af-09a04859d9ac.asset using Guid(4584939651857d14d8ad793e038f8a82) Importer(815301076,1909f56bfc062723c751e8b465ee728b)  -> (artifact id: '09edbbcf2d55c53c4fd78609d9ce92c2') in 0.019584 seconds
Number of updated asset objects reloaded before import = 0
Number of asset objects unloaded after import = 4
========================================================================
Received Import Request.
  Time since last request: 0.000037 seconds.
  path: Assets/TerrainData_39d6ac4d-6f7d-40c5-963f-333f19986804.asset
  artifactKey: Guid(3eec074955cd59243be91c3eaa7fe8b4) Importer(815301076,1909f56bfc062723c751e8b465ee728b)
Start importing Assets/TerrainData_39d6ac4d-6f7d-40c5-963f-333f19986804.asset using Guid(3eec074955cd59243be91c3eaa7fe8b4) Importer(815301076,1909f56bfc062723c751e8b465ee728b)  -> (artifact id: '2941d92e9828eddf47637f6a76b93b79') in 0.017062 seconds
Number of updated asset objects reloaded before import = 0
Number of asset objects unloaded after import = 4
========================================================================
Received Import Request.
  Time since last request: 0.000021 seconds.
  path: Assets/TerrainData_92d95d24-8c4e-4271-a428-a91cbb4ab167.asset
  artifactKey: Guid(2844ee48fb8b44f468ada7ed821b74c8) Importer(815301076,1909f56bfc062723c751e8b465ee728b)
Start importing Assets/TerrainData_92d95d24-8c4e-4271-a428-a91cbb4ab167.asset using Guid(2844ee48fb8b44f468ada7ed821b74c8) Importer(815301076,1909f56bfc062723c751e8b465ee728b)  -> (artifact id: 'a1fa974e50e2472db55bc3fc3783d25c') in 0.018374 seconds
Number of updated asset objects reloaded before import = 0
Number of asset objects unloaded after import = 4
========================================================================
Received Import Request.
  Time since last request: 0.000032 seconds.
  path: Assets/TerrainData_0c2b1235-23aa-4bfa-90d4-fec0674b2a6e.asset
  artifactKey: Guid(03f00039c5e00b04a9b09f1553f8930c) Importer(815301076,1909f56bfc062723c751e8b465ee728b)
Start importing Assets/TerrainData_0c2b1235-23aa-4bfa-90d4-fec0674b2a6e.asset using Guid(03f00039c5e00b04a9b09f1553f8930c) Importer(815301076,1909f56bfc062723c751e8b465ee728b)  -> (artifact id: 'db6ae3eb7a4fe5c295ebab75c96b718d') in 0.017193 seconds
Number of updated asset objects reloaded before import = 0
Number of asset objects unloaded after import = 4
Editor requested this worker to shutdown with reason: Scaling down because of idle timeout
TcpMessagingSession - receive error: operation aborted. errorcode: 995, details: The I/O operation has been aborted because of either a thread exit or an application request.
AssetImportWorker is now disconnected from the server
Process exiting
Exiting without the bug reporter. Application will terminate with return code 0